#-----------------------------------------------------------
# Vivado v2018.3 (64-bit)
# SW Build 2405991 on Thu Dec  6 23:38:27 MST 2018
# IP Build 2404404 on Fri Dec  7 01:43:56 MST 2018
# Start of session at: Mon Dec 15 21:18:24 2025
# Process ID: 38380
# Current directory: E:/Code/CPU_Design/HFUT_2020_MIPS_CPU/project
# Command line: vivado.exe -mode batch -source run.tcl
# Log file: E:/Code/CPU_Design/HFUT_2020_MIPS_CPU/project/vivado.log
# Journal file: E:/Code/CPU_Design/HFUT_2020_MIPS_CPU/project\vivado.jou
#-----------------------------------------------------------
source run.tcl
# open_project "E:\\Code\\CPU_Design\\HFUT_2020_MIPS_CPU\\project\\project.xpr"
Scanning sources...
Finished scanning sources
# launch_simulation -simset sim_1
INFO: [Vivado 12-5682] Launching behavioral simulation in 'E:/Code/CPU_Design/HFUT_2020_MIPS_CPU/project/project.sim/sim_1/behav/xsim'
INFO: [SIM-utils-51] Simulation object is 'sim_1'
INFO: [SIM-utils-54] Inspecting design source files for 'mips_tb' in fileset 'sim_1'...
INFO: [USF-XSim-97] Finding global include files...
INFO: [USF-XSim-98] Fetching design files from 'sim_1'...
INFO: [USF-XSim-2] XSim::Compile design
INFO: [USF-XSim-61] Executing 'COMPILE and ANALYZE' step in 'E:/Code/CPU_Design/HFUT_2020_MIPS_CPU/project/project.sim/sim_1/behav/xsim'
"xvlog --incr --relax -prj mips_tb_vlog.prj"
INFO: [USF-XSim-69] 'compile' step finished in '1' seconds
INFO: [USF-XSim-3] XSim::Elaborate design
INFO: [USF-XSim-61] Executing 'ELABORATE' step in 'E:/Code/CPU_Design/HFUT_2020_MIPS_CPU/project/project.sim/sim_1/behav/xsim'
INFO: [Common 17-41] Interrupt caught. Command should exit soon.
^CTerminate batch job (Y/N)? INFO: [Common 17-344] 'run_program' was cancelled
INFO: [Vivado 12-5357] 'elaborate' step aborted
launch_simulation: Time (s): cpu = 00:00:00 ; elapsed = 00:00:07 . Memory (MB): peak = 330.586 ; gain = 9.598
INFO: [Common 17-344] 'source' was cancelled
INFO: [Common 17-206] Exiting Vivado at Mon Dec 15 21:18:37 2025...
